[0.736s] Invoking command in '/root/arob_ws/src/arob_lab_drones': PYTHONPATH=/root/arob_ws/src/arob_lab_drones/build/arob_lab_drones/prefix_override:/usr/lib/python3/dist-packages/colcon_core/task/python/colcon_distutils_commands:/root/arob_ws/src/arob_lab_drones/install/arob_lab_drones/lib/python3.10/site-packages:${PYTHONPATH} /usr/bin/python3 -W ignore:setup.py install is deprecated -W ignore:easy_install command is deprecated setup.py egg_info --egg-base build/arob_lab_drones build --build-base /root/arob_ws/src/arob_lab_drones/build/arob_lab_drones/build install --record /root/arob_ws/src/arob_lab_drones/build/arob_lab_drones/install.log --single-version-externally-managed install_data
[1.001s] running egg_info
[1.001s] writing build/arob_lab_drones/arob_lab_drones.egg-info/PKG-INFO
[1.002s] writing dependency_links to build/arob_lab_drones/arob_lab_drones.egg-info/dependency_links.txt
[1.002s] writing entry points to build/arob_lab_drones/arob_lab_drones.egg-info/entry_points.txt
[1.002s] writing requirements to build/arob_lab_drones/arob_lab_drones.egg-info/requires.txt
[1.002s] writing top-level names to build/arob_lab_drones/arob_lab_drones.egg-info/top_level.txt
[1.008s] reading manifest file 'build/arob_lab_drones/arob_lab_drones.egg-info/SOURCES.txt'
[1.022s] writing manifest file 'build/arob_lab_drones/arob_lab_drones.egg-info/SOURCES.txt'
[1.022s] running build
[1.022s] running build_py
[1.022s] copying arob_lab_drones/drone_race.py -> /root/arob_ws/src/arob_lab_drones/build/arob_lab_drones/build/lib/arob_lab_drones
[1.022s] running install
[1.023s] running install_lib
[1.024s] copying /root/arob_ws/src/arob_lab_drones/build/arob_lab_drones/build/lib/arob_lab_drones/drone_race.py -> /root/arob_ws/src/arob_lab_drones/install/arob_lab_drones/lib/python3.10/site-packages/arob_lab_drones
[1.025s] byte-compiling /root/arob_ws/src/arob_lab_drones/install/arob_lab_drones/lib/python3.10/site-packages/arob_lab_drones/drone_race.py to drone_race.cpython-310.pyc
[1.044s]   File "/root/arob_ws/src/arob_lab_drones/install/arob_lab_drones/lib/python3.10/site-packages/arob_lab_drones/drone_race.py", line 903
[1.044s]     print('Drone Race Node launched'
[1.045s]          ^
[1.045s] SyntaxError: '(' was never closed
[1.045s] 
[1.045s] running install_data
[1.046s] running install_egg_info
[1.048s] removing '/root/arob_ws/src/arob_lab_drones/install/arob_lab_drones/lib/python3.10/site-packages/arob_lab_drones-0.0.0-py3.10.egg-info' (and everything under it)
[1.049s] Copying build/arob_lab_drones/arob_lab_drones.egg-info to /root/arob_ws/src/arob_lab_drones/install/arob_lab_drones/lib/python3.10/site-packages/arob_lab_drones-0.0.0-py3.10.egg-info
[1.052s] running install_scripts
[1.099s] Installing drone_race script to /root/arob_ws/src/arob_lab_drones/install/arob_lab_drones/lib/arob_lab_drones
[1.100s] writing list of installed files to '/root/arob_ws/src/arob_lab_drones/build/arob_lab_drones/install.log'
[1.138s] Invoked command in '/root/arob_ws/src/arob_lab_drones' returned '0': PYTHONPATH=/root/arob_ws/src/arob_lab_drones/build/arob_lab_drones/prefix_override:/usr/lib/python3/dist-packages/colcon_core/task/python/colcon_distutils_commands:/root/arob_ws/src/arob_lab_drones/install/arob_lab_drones/lib/python3.10/site-packages:${PYTHONPATH} /usr/bin/python3 -W ignore:setup.py install is deprecated -W ignore:easy_install command is deprecated setup.py egg_info --egg-base build/arob_lab_drones build --build-base /root/arob_ws/src/arob_lab_drones/build/arob_lab_drones/build install --record /root/arob_ws/src/arob_lab_drones/build/arob_lab_drones/install.log --single-version-externally-managed install_data
