[0.808s] Invoking command in '/root/arob_ws/src/arob_lab_drones': PYTHONPATH=/root/arob_ws/src/arob_lab_drones/build/arob_lab_drones/prefix_override:/usr/lib/python3/dist-packages/colcon_core/task/python/colcon_distutils_commands:/root/arob_ws/src/arob_lab_drones/install/arob_lab_drones/lib/python3.10/site-packages:${PYTHONPATH} /usr/bin/python3 -W ignore:setup.py install is deprecated -W ignore:easy_install command is deprecated setup.py egg_info --egg-base build/arob_lab_drones build --build-base /root/arob_ws/src/arob_lab_drones/build/arob_lab_drones/build install --record /root/arob_ws/src/arob_lab_drones/build/arob_lab_drones/install.log --single-version-externally-managed install_data
[1.111s] running egg_info
[1.111s] creating build/arob_lab_drones/arob_lab_drones.egg-info
[1.111s] writing build/arob_lab_drones/arob_lab_drones.egg-info/PKG-INFO
[1.111s] writing dependency_links to build/arob_lab_drones/arob_lab_drones.egg-info/dependency_links.txt
[1.111s] writing entry points to build/arob_lab_drones/arob_lab_drones.egg-info/entry_points.txt
[1.111s] writing requirements to build/arob_lab_drones/arob_lab_drones.egg-info/requires.txt
[1.112s] writing top-level names to build/arob_lab_drones/arob_lab_drones.egg-info/top_level.txt
[1.112s] writing manifest file 'build/arob_lab_drones/arob_lab_drones.egg-info/SOURCES.txt'
[1.112s] reading manifest file 'build/arob_lab_drones/arob_lab_drones.egg-info/SOURCES.txt'
[1.112s] writing manifest file 'build/arob_lab_drones/arob_lab_drones.egg-info/SOURCES.txt'
[1.112s] running build
[1.112s] running build_py
[1.113s] creating /root/arob_ws/src/arob_lab_drones/build/arob_lab_drones/build
[1.113s] creating /root/arob_ws/src/arob_lab_drones/build/arob_lab_drones/build/lib
[1.113s] creating /root/arob_ws/src/arob_lab_drones/build/arob_lab_drones/build/lib/arob_lab_drones
[1.113s] copying arob_lab_drones/drone_race_PID.py -> /root/arob_ws/src/arob_lab_drones/build/arob_lab_drones/build/lib/arob_lab_drones
[1.113s] copying arob_lab_drones/trajectory_generator.py -> /root/arob_ws/src/arob_lab_drones/build/arob_lab_drones/build/lib/arob_lab_drones
[1.114s] copying arob_lab_drones/__init__.py -> /root/arob_ws/src/arob_lab_drones/build/arob_lab_drones/build/lib/arob_lab_drones
[1.114s] copying arob_lab_drones/drone_race_MPPI.py -> /root/arob_ws/src/arob_lab_drones/build/arob_lab_drones/build/lib/arob_lab_drones
[1.114s] running install
[1.114s] running install_lib
[1.115s] creating /root/arob_ws/src/arob_lab_drones/install/arob_lab_drones/lib/python3.10/site-packages/arob_lab_drones
[1.115s] copying /root/arob_ws/src/arob_lab_drones/build/arob_lab_drones/build/lib/arob_lab_drones/drone_race_PID.py -> /root/arob_ws/src/arob_lab_drones/install/arob_lab_drones/lib/python3.10/site-packages/arob_lab_drones
[1.115s] copying /root/arob_ws/src/arob_lab_drones/build/arob_lab_drones/build/lib/arob_lab_drones/trajectory_generator.py -> /root/arob_ws/src/arob_lab_drones/install/arob_lab_drones/lib/python3.10/site-packages/arob_lab_drones
[1.115s] copying /root/arob_ws/src/arob_lab_drones/build/arob_lab_drones/build/lib/arob_lab_drones/__init__.py -> /root/arob_ws/src/arob_lab_drones/install/arob_lab_drones/lib/python3.10/site-packages/arob_lab_drones
[1.115s] copying /root/arob_ws/src/arob_lab_drones/build/arob_lab_drones/build/lib/arob_lab_drones/drone_race_MPPI.py -> /root/arob_ws/src/arob_lab_drones/install/arob_lab_drones/lib/python3.10/site-packages/arob_lab_drones
[1.116s] byte-compiling /root/arob_ws/src/arob_lab_drones/install/arob_lab_drones/lib/python3.10/site-packages/arob_lab_drones/drone_race_PID.py to drone_race_PID.cpython-310.pyc
[1.123s] byte-compiling /root/arob_ws/src/arob_lab_drones/install/arob_lab_drones/lib/python3.10/site-packages/arob_lab_drones/trajectory_generator.py to trajectory_generator.cpython-310.pyc
[1.127s] byte-compiling /root/arob_ws/src/arob_lab_drones/install/arob_lab_drones/lib/python3.10/site-packages/arob_lab_drones/__init__.py to __init__.cpython-310.pyc
[1.127s] byte-compiling /root/arob_ws/src/arob_lab_drones/install/arob_lab_drones/lib/python3.10/site-packages/arob_lab_drones/drone_race_MPPI.py to drone_race_MPPI.cpython-310.pyc
[1.131s] running install_data
[1.131s] creating /root/arob_ws/src/arob_lab_drones/install/arob_lab_drones/share/ament_index
[1.131s] creating /root/arob_ws/src/arob_lab_drones/install/arob_lab_drones/share/ament_index/resource_index
[1.131s] creating /root/arob_ws/src/arob_lab_drones/install/arob_lab_drones/share/ament_index/resource_index/packages
[1.132s] copying resource/arob_lab_drones -> /root/arob_ws/src/arob_lab_drones/install/arob_lab_drones/share/ament_index/resource_index/packages
[1.132s] copying package.xml -> /root/arob_ws/src/arob_lab_drones/install/arob_lab_drones/share/arob_lab_drones
[1.132s] running install_egg_info
[1.134s] Copying build/arob_lab_drones/arob_lab_drones.egg-info to /root/arob_ws/src/arob_lab_drones/install/arob_lab_drones/lib/python3.10/site-packages/arob_lab_drones-0.0.0-py3.10.egg-info
[1.135s] running install_scripts
[1.157s] Installing drone_race script to /root/arob_ws/src/arob_lab_drones/install/arob_lab_drones/lib/arob_lab_drones
[1.158s] writing list of installed files to '/root/arob_ws/src/arob_lab_drones/build/arob_lab_drones/install.log'
[1.190s] Invoked command in '/root/arob_ws/src/arob_lab_drones' returned '0': PYTHONPATH=/root/arob_ws/src/arob_lab_drones/build/arob_lab_drones/prefix_override:/usr/lib/python3/dist-packages/colcon_core/task/python/colcon_distutils_commands:/root/arob_ws/src/arob_lab_drones/install/arob_lab_drones/lib/python3.10/site-packages:${PYTHONPATH} /usr/bin/python3 -W ignore:setup.py install is deprecated -W ignore:easy_install command is deprecated setup.py egg_info --egg-base build/arob_lab_drones build --build-base /root/arob_ws/src/arob_lab_drones/build/arob_lab_drones/build install --record /root/arob_ws/src/arob_lab_drones/build/arob_lab_drones/install.log --single-version-externally-managed install_data
